Command line:
   registersFile_isim_beh.exe
     -simmode  gui
     -simrunnum  0
     -socket  50556

Thu May 07 10:11:56 2020


 Elaboration Time: 0.03125 sec

 Current Memory Usage: 5155.02 Meg

 Total Signals          : 10
 Total Nets             : 167
 Total Signal Drivers   : 3
 Total Blocks           : 5
 Total Primitive Blocks : 5
 Total Processes        : 2
 Total Traceable Variables  : 15
 Total Scalar Nets and Variables : 668
Total Line Count : 15

 Total Simulation Time: 0.0625 sec

 Current Memory Usage: 4683.16 Meg

Thu May 07 10:15:59 2020

