Running: fuse.exe -relaunch -intstyle "ise" -incremental -lib "secureip" -o "C:/Users/Alex/OneDrive - insa-toulouse.fr/Cours/4IR/S2/processor/testUAL_isim_beh.exe" -prj "C:/Users/Alex/OneDrive - insa-toulouse.fr/Cours/4IR/S2/processor/testUAL_beh.prj" "work.testUAL" 
ISim O.87xd (signature 0xc3576ebc)
Number of CPUs detected in this system: 8
Turning on mult-threading, number of parallel sub-compilation jobs: 16 
Determining compilation order of HDL files
Parsing VHDL file "C:/Users/Alex/OneDrive - insa-toulouse.fr/Cours/4IR/S2/processor/UAL.vhd" into library work
Parsing VHDL file "C:/Users/Alex/OneDrive - insa-toulouse.fr/Cours/4IR/S2/processor/testUAL.vhd" into library work
Starting static elaboration
Completed static elaboration
Compiling package standard
Compiling package std_logic_1164
Compiling package numeric_std
Compiling package std_logic_arith
Compiling package std_logic_unsigned
Compiling architecture behavioral of entity UAL [ual_default]
Compiling architecture behavior of entity testual
Time Resolution for simulation is 1ps.
Waiting for 1 sub-compilation(s) to finish...
Compiled 8 VHDL Units
Built simulation executable C:/Users/Alex/OneDrive - insa-toulouse.fr/Cours/4IR/S2/processor/testUAL_isim_beh.exe
Fuse Memory Usage: 36920 KB
Fuse CPU Usage: 405 ms
